  function.cpp
C:\Labs\4 laba\string\function.cpp(8,23): warning C4018: '<': signed/unsigned mismatch
C:\Labs\4 laba\string\function.cpp(18,23): warning C4018: '<': signed/unsigned mismatch
C:\Labs\4 laba\string\function.cpp(21,23): warning C4018: '<': signed/unsigned mismatch
  main.cpp
C:\Labs\4 laba\string\main.cpp(7,18): error C2679: binary '<<': no operator found which takes a right-hand operand of type 'MyString' (or there is no acceptable conversion)
C:\Program Files (x86)\Microsoft Visual Studio\2019\Community\VC\Tools\MSVC\14.29.30133\include\ostream(465,39): message : could be 'std::basic_ostream<char,std::char_traits<char>> &std::basic_ostream<char,std::char_traits<char>>::operator <<(std::basic_streambuf<char,std::char_traits<char>> *)'
C:\Program Files (x86)\Microsoft Visual Studio\2019\Community\VC\Tools\MSVC\14.29.30133\include\ostream(440,39): message : or       'std::basic_ostream<char,std::char_traits<char>> &std::basic_ostream<char,std::char_traits<char>>::operator <<(const void *)'
C:\Program Files (x86)\Microsoft Visual Studio\2019\Community\VC\Tools\MSVC\14.29.30133\include\ostream(422,39): message : or       'std::basic_ostream<char,std::char_traits<char>> &std::basic_ostream<char,std::char_traits<char>>::operator <<(long double)'
C:\Program Files (x86)\Microsoft Visual Studio\2019\Community\VC\Tools\MSVC\14.29.30133\include\ostream(404,39): message : or       'std::basic_ostream<char,std::char_traits<char>> &std::basic_ostream<char,std::char_traits<char>>::operator <<(double)'
C:\Program Files (x86)\Microsoft Visual Studio\2019\Community\VC\Tools\MSVC\14.29.30133\include\ostream(386,39): message : or       'std::basic_ostream<char,std::char_traits<char>> &std::basic_ostream<char,std::char_traits<char>>::operator <<(float)'
C:\Program Files (x86)\Microsoft Visual Studio\2019\Community\VC\Tools\MSVC\14.29.30133\include\ostream(368,39): message : or       'std::basic_ostream<char,std::char_traits<char>> &std::basic_ostream<char,std::char_traits<char>>::operator <<(unsigned __int64)'
C:\Program Files (x86)\Microsoft Visual Studio\2019\Community\VC\Tools\MSVC\14.29.30133\include\ostream(350,39): message : or       'std::basic_ostream<char,std::char_traits<char>> &std::basic_ostream<char,std::char_traits<char>>::operator <<(__int64)'
C:\Program Files (x86)\Microsoft Visual Studio\2019\Community\VC\Tools\MSVC\14.29.30133\include\ostream(332,39): message : or       'std::basic_ostream<char,std::char_traits<char>> &std::basic_ostream<char,std::char_traits<char>>::operator <<(unsigned long)'
C:\Program Files (x86)\Microsoft Visual Studio\2019\Community\VC\Tools\MSVC\14.29.30133\include\ostream(314,39): message : or       'std::basic_ostream<char,std::char_traits<char>> &std::basic_ostream<char,std::char_traits<char>>::operator <<(long)'
C:\Program Files (x86)\Microsoft Visual Studio\2019\Community\VC\Tools\MSVC\14.29.30133\include\ostream(295,39): message : or       'std::basic_ostream<char,std::char_traits<char>> &std::basic_ostream<char,std::char_traits<char>>::operator <<(unsigned int)'
C:\Program Files (x86)\Microsoft Visual Studio\2019\Community\VC\Tools\MSVC\14.29.30133\include\ostream(269,39): message : or       'std::basic_ostream<char,std::char_traits<char>> &std::basic_ostream<char,std::char_traits<char>>::operator <<(int)'
C:\Program Files (x86)\Microsoft Visual Studio\2019\Community\VC\Tools\MSVC\14.29.30133\include\ostream(250,39): message : or       'std::basic_ostream<char,std::char_traits<char>> &std::basic_ostream<char,std::char_traits<char>>::operator <<(unsigned short)'
C:\Program Files (x86)\Microsoft Visual Studio\2019\Community\VC\Tools\MSVC\14.29.30133\include\ostream(216,39): message : or       'std::basic_ostream<char,std::char_traits<char>> &std::basic_ostream<char,std::char_traits<char>>::operator <<(short)'
C:\Program Files (x86)\Microsoft Visual Studio\2019\Community\VC\Tools\MSVC\14.29.30133\include\ostream(198,39): message : or       'std::basic_ostream<char,std::char_traits<char>> &std::basic_ostream<char,std::char_traits<char>>::operator <<(bool)'
C:\Program Files (x86)\Microsoft Visual Studio\2019\Community\VC\Tools\MSVC\14.29.30133\include\ostream(193,39): message : or       'std::basic_ostream<char,std::char_traits<char>> &std::basic_ostream<char,std::char_traits<char>>::operator <<(std::ios_base &(__cdecl *)(std::ios_base &))'
C:\Program Files (x86)\Microsoft Visual Studio\2019\Community\VC\Tools\MSVC\14.29.30133\include\ostream(188,39): message : or       'std::basic_ostream<char,std::char_traits<char>> &std::basic_ostream<char,std::char_traits<char>>::operator <<(std::basic_ios<char,std::char_traits<char>> &(__cdecl *)(std::basic_ios<char,std::char_traits<char>> &))'
C:\Program Files (x86)\Microsoft Visual Studio\2019\Community\VC\Tools\MSVC\14.29.30133\include\ostream(183,39): message : or       'std::basic_ostream<char,std::char_traits<char>> &std::basic_ostream<char,std::char_traits<char>>::operator <<(std::basic_ostream<char,std::char_traits<char>> &(__cdecl *)(std::basic_ostream<char,std::char_traits<char>> &))'
C:\Labs\4 laba\string\main.cpp(7,18): message : while trying to match the argument list '(std::ostream, MyString)'
  MyString.cpp
C:\Labs\4 laba\string\MyString.cpp(148,46): error C2572: 'MyString::resize': redefinition of default argument: parameter 1
C:\Labs\4 laba\string\MyString.h(60): message : see declaration of 'MyString::resize'
C:\Labs\4 laba\string\MyString.cpp(256,23): warning C4018: '<': signed/unsigned mismatch
C:\Labs\4 laba\string\MyString.cpp(278,21): warning C4834: discarding return value of function with 'nodiscard' attribute
C:\Labs\4 laba\string\MyString.cpp(354,1): error C2511: 'std::ostream &MyString::operator <<(std::ostream &,const MyString &)': overloaded member function not found in 'MyString'
C:\Labs\4 laba\string\MyString.h(5): message : see declaration of 'MyString'
C:\Labs\4 laba\string\MyString.cpp(355,37): error C2662: 'size_t MyString::size(void)': cannot convert 'this' pointer from 'const MyString' to 'MyString &'
C:\Labs\4 laba\string\MyString.cpp(355,30): message : Conversion loses qualifiers
C:\Labs\4 laba\string\MyString.cpp(174,18): message : see declaration of 'MyString::size'
C:\Labs\4 laba\string\MyString.cpp(355,53): error C2039: 'p': is not a member of 'MyString'
C:\Labs\4 laba\string\MyString.h(5): message : see declaration of 'MyString'
C:\Labs\4 laba\string\MyString.cpp(360,1): error C2511: 'std::istream &MyString::operator >>(std::istream &,MyString &)': overloaded member function not found in 'MyString'
C:\Labs\4 laba\string\MyString.h(5): message : see declaration of 'MyString'
C:\Labs\4 laba\string\MyString.cpp(361,18): error C2660: 'getline': function does not take 2 arguments
C:\Labs\4 laba\string\MyString.h(92,19): message : see declaration of 'getline'
  Generating Code...
C:\Labs\4 laba\string\function.cpp(25): error C4716: 'my_memmove': must return a value
C:\Labs\4 laba\string\function.cpp(10): error C4716: 'my_memcpy': must return a value
C:\Labs\4 laba\string\function.cpp(418): warning C4172: returning address of local variable or temporary: a
